<?xml version="1.0" encoding="utf-8"?><testsuites name="pytest tests"><testsuite name="pytest" errors="0" failures="0" skipped="0" tests="32" time="39.344" timestamp="2026-04-17T07:15:17.412482+00:00" hostname="agent-env-17a5c204-d80e-47c6-b05c-fbf19958d479"><testcase classname="tests.test_koarmada_api.TestHealthAndRoot" name="test_api_root" time="0.255" /><testcase classname="tests.test_koarmada_api.TestAuth" name="test_login_admin_success" time="0.278" /><testcase classname="tests.test_koarmada_api.TestAuth" name="test_login_operator_success" time="0.271" /><testcase classname="tests.test_koarmada_api.TestAuth" name="test_login_viewer_success" time="0.271" /><testcase classname="tests.test_koarmada_api.TestAuth" name="test_login_invalid_credentials" time="0.270" /><testcase classname="tests.test_koarmada_api.TestAuth" name="test_login_nonexistent_user" time="0.048" /><testcase classname="tests.test_koarmada_api.TestAuth" name="test_get_me_authenticated" time="0.341" /><testcase classname="tests.test_koarmada_api.TestAuth" name="test_get_me_unauthenticated" time="0.049" /><testcase classname="tests.test_koarmada_api.TestAuth" name="test_register_new_user" time="0.268" /><testcase classname="tests.test_koarmada_api.TestAuth" name="test_register_duplicate_email" time="0.050" /><testcase classname="tests.test_koarmada_api.TestAssets" name="test_list_all_assets" time="0.046" /><testcase classname="tests.test_koarmada_api.TestAssets" name="test_list_assets_filter_kapal" time="0.048" /><testcase classname="tests.test_koarmada_api.TestAssets" name="test_list_assets_filter_pangkalan" time="0.050" /><testcase classname="tests.test_koarmada_api.TestAssets" name="test_get_asset_detail" time="0.106" /><testcase classname="tests.test_koarmada_api.TestAssets" name="test_get_asset_not_found" time="0.051" /><testcase classname="tests.test_koarmada_api.TestAssets" name="test_verify_seed_data_kapal" time="0.047" /><testcase classname="tests.test_koarmada_api.TestAssets" name="test_verify_seed_data_pangkalan" time="0.045" /><testcase classname="tests.test_koarmada_api.TestAssetCRUD" name="test_create_asset_admin" time="0.102" /><testcase classname="tests.test_koarmada_api.TestAssetCRUD" name="test_create_asset_operator" time="0.321" /><testcase classname="tests.test_koarmada_api.TestAssetCRUD" name="test_create_asset_viewer_forbidden" time="0.317" /><testcase classname="tests.test_koarmada_api.TestAssetCRUD" name="test_update_asset_admin" time="0.148" /><testcase classname="tests.test_koarmada_api.TestAssetCRUD" name="test_update_asset_viewer_forbidden" time="0.091" /><testcase classname="tests.test_koarmada_api.TestAssetCRUD" name="test_delete_asset_admin" time="0.171" /><testcase classname="tests.test_koarmada_api.TestAssetCRUD" name="test_delete_asset_operator_forbidden" time="0.109" /><testcase classname="tests.test_koarmada_api.TestAssetCRUD" name="test_delete_asset_viewer_forbidden" time="0.102" /><testcase classname="tests.test_koarmada_api.TestDashboard" name="test_dashboard_stats" time="0.069" /><testcase classname="tests.test_koarmada_api.TestDashboard" name="test_dashboard_stats_unauthenticated" time="0.048" /><testcase classname="tests.test_koarmada_api.TestAIAnalysis" name="test_ai_analysis_success" time="15.750" /><testcase classname="tests.test_koarmada_api.TestAIAnalysis" name="test_ai_analysis_with_question" time="19.121" /><testcase classname="tests.test_koarmada_api.TestAIAnalysis" name="test_ai_analysis_invalid_asset" time="0.056" /><testcase classname="tests.test_koarmada_api.TestAIAnalysis" name="test_ai_analysis_unauthenticated" time="0.045" /><testcase classname="tests.test_koarmada_api.TestCleanup" name="test_cleanup_test_assets" time="0.236" /></testsuite></testsuites>